[I 2024-06-13 13:55:49,865] Trial 50 finished with value: 26304.747316300003 and parameters: {'n_steps': 495, 'learning_rate': 0.0009869792617431205, 'gamma': 0.900395444531818, 'ent_coef': 1.3705204647545452e-06, 'vf_coef': 0.4658962525249943, 'max_grad_norm': 0.8414571827260107, 'gae_lambda': 0.9526988969989771, 'rms_prop_eps': 0.0007674510737319382, 'use_rms_prop': True}. Best is trial 50 with value: 26304.747316300003.
[I 2024-06-13 13:58:08,610] Trial 51 finished with value: -526.35754 and parameters: {'n_steps': 536, 'learning_rate': 0.0009369555393885429, 'gamma': 0.9006049775060048, 'ent_coef': 1.1593864207375204e-06, 'vf_coef': 0.45707810983332803, 'max_grad_norm': 0.851501421189627, 'gae_lambda': 0.9548651662093355, 'rms_prop_eps': 0.000770665236129239, 'use_rms_prop': True}. Best is trial 50 with value: 26304.747316300003.
[I 2024-06-13 14:00:29,769] Trial 52 finished with value: 3188.8756352 and parameters: {'n_steps': 489, 'learning_rate': 0.0008002966471410698, 'gamma': 0.9041768413344972, 'ent_coef': 3.6040169549178186e-07, 'vf_coef': 0.4161153127418627, 'max_grad_norm': 0.8637870771414772, 'gae_lambda': 0.9516854470608377, 'rms_prop_eps': 0.0009655112522696448, 'use_rms_prop': True}. Best is trial 50 with value: 26304.747316300003.
[I 2024-06-13 14:02:49,275] Trial 53 finished with value: 1913.3386824999998 and parameters: {'n_steps': 419, 'learning_rate': 0.0007983810120661332, 'gamma': 0.9047047490289897, 'ent_coef': 3.884129904909662e-07, 'vf_coef': 0.42301558632010594, 'max_grad_norm': 0.9164499212260651, 'gae_lambda': 0.9785071814683975, 'rms_prop_eps': 0.0009991255306942923, 'use_rms_prop': True}. Best is trial 50 with value: 26304.747316300003.
[I 2024-06-13 14:05:08,238] Trial 54 finished with value: -443.54039969999997 and parameters: {'n_steps': 401, 'learning_rate': 0.0006983165592951824, 'gamma': 0.9060362724926186, 'ent_coef': 2.8123416397506076e-07, 'vf_coef': 0.42342511659388576, 'max_grad_norm': 0.9423800111991885, 'gae_lambda': 0.9808044352630441, 'rms_prop_eps': 0.0009917650073918622, 'use_rms_prop': True}. Best is trial 50 with value: 26304.747316300003.
[I 2024-06-13 14:07:27,533] Trial 55 finished with value: -414.1630511 and parameters: {'n_steps': 393, 'learning_rate': 0.0008477224680147659, 'gamma': 0.9050132179653178, 'ent_coef': 1.8616829642267187e-06, 'vf_coef': 0.5209914611636762, 'max_grad_norm': 0.8742890580138836, 'gae_lambda': 0.975894039358641, 'rms_prop_eps': 0.0006691604428257875, 'use_rms_prop': True}. Best is trial 50 with value: 26304.747316300003.
[I 2024-06-13 14:09:47,776] Trial 56 finished with value: 32979.8363157 and parameters: {'n_steps': 178, 'learning_rate': 0.0005901091349816615, 'gamma': 0.9107838893017945, 'ent_coef': 4.6395231424101306e-07, 'vf_coef': 0.41956501705581895, 'max_grad_norm': 0.9102252970349252, 'gae_lambda': 0.9894226803232824, 'rms_prop_eps': 0.0006961787229036185, 'use_rms_prop': True}. Best is trial 56 with value: 32979.8363157.
[I 2024-06-13 14:12:07,641] Trial 57 finished with value: 18419.5651247 and parameters: {'n_steps': 183, 'learning_rate': 0.0005635503306607345, 'gamma': 0.911367914610534, 'ent_coef': 1.5198195584284237e-07, 'vf_coef': 0.2917829861988087, 'max_grad_norm': 0.9822349328955323, 'gae_lambda': 0.9896139118470498, 'rms_prop_eps': 0.0006376703220236372, 'use_rms_prop': True}. Best is trial 56 with value: 32979.8363157.
[I 2024-06-13 14:14:27,027] Trial 58 finished with value: 2982.6006012999997 and parameters: {'n_steps': 169, 'learning_rate': 0.000589444581132053, 'gamma': 0.911683572184933, 'ent_coef': 1.292730223672108e-07, 'vf_coef': 0.28565110635815727, 'max_grad_norm': 0.9885718276692009, 'gae_lambda': 0.9856743524467556, 'rms_prop_eps': 0.0006339782423282132, 'use_rms_prop': True}. Best is trial 56 with value: 32979.8363157.
[I 2024-06-13 14:16:47,103] Trial 59 finished with value: 24149.0268512 and parameters: {'n_steps': 162, 'learning_rate': 0.0006067285514020772, 'gamma': 0.9111395995837673, 'ent_coef': 9.944723080629895e-08, 'vf_coef': 0.2881849085331386, 'max_grad_norm': 0.9926106633103413, 'gae_lambda': 0.989391640295956, 'rms_prop_eps': 0.0006138646855663581, 'use_rms_prop': True}. Best is trial 56 with value: 32979.8363157.
[I 2024-06-13 14:19:06,990] Trial 60 finished with value: 8616.754531300001 and parameters: {'n_steps': 162, 'learning_rate': 0.0006062077600179639, 'gamma': 0.9148545699458691, 'ent_coef': 6.46870358620658e-08, 'vf_coef': 0.23128618407655382, 'max_grad_norm': 0.9507392514684412, 'gae_lambda': 0.9722610398307007, 'rms_prop_eps': 0.0005499820459291707, 'use_rms_prop': True}. Best is trial 56 with value: 32979.8363157.
[I 2024-06-13 14:21:28,648] Trial 61 finished with value: 71197.8136006 and parameters: {'n_steps': 187, 'learning_rate': 0.0005912355088135612, 'gamma': 0.914611121556763, 'ent_coef': 1.1687248843875689e-07, 'vf_coef': 0.23542395352035467, 'max_grad_norm': 0.9557079404640634, 'gae_lambda': 0.987139450643294, 'rms_prop_eps': 0.0005660771819479684, 'use_rms_prop': True}. Best is trial 61 with value: 71197.8136006.


[I 2024-06-15 03:33:27,392] Trial 44 finished with value: 101611.655165 and parameters: {'n_steps': 515, 'learning_rate': 0.0009840196751284593, 'gamma': 0.9516910786846511, 'ent_coef': 0.0009683422423713868, 'vf_coef': 0.5020079993733787, 'max_grad_norm': 0.5019397700012624, 'gae_lambda': 0.905887352910989, 'rms_prop_eps': 0.00012788960312504547, 'use_rms_prop': False}. Best is trial 44 with value: 101611.655165.
