2024-06-13 11:50:47.140585: I tensorflow/core/platform/cpu_feature_guard.cc:210] This TensorFlow binary is optimized to use available CPU instructions in performance-critical operations.
To enable the following instructions: AVX2 FMA, in other operations, rebuild TensorFlow with the appropriate compiler flags.
2024-06-13 11:51:00.563145: W tensorflow/compiler/tf2tensorrt/utils/py_utils.cc:38] TF-TRT Warning: Could not find TensorRT
[I 2024-06-13 11:51:25,041] A new study created in memory with name: no-name-48e585bf-d910-4a71-9f02-551f6b605d99
[I 2024-06-13 11:54:02,629] Trial 0 finished with value: -610.6476537 and parameters: {'n_steps': 783, 'learning_rate': 2.3673380578763333e-05, 'gamma': 0.9558778985986889, 'ent_coef': 0.0001078195916017743, 'vf_coef': 0.6833849362616797, 'max_grad_norm': 0.838689050867093, 'gae_lambda': 0.8542016493160055, 'rms_prop_eps': 0.00022137083202500307, 'use_rms_prop': False}. Best is trial 0 with value: -610.6476537.
[I 2024-06-13 11:56:22,444] Trial 1 finished with value: -538.3111303 and parameters: {'n_steps': 304, 'learning_rate': 0.00011014726067309663, 'gamma': 0.9796974776141137, 'ent_coef': 0.0004645252706224138, 'vf_coef': 0.2528306188102092, 'max_grad_norm': 0.8676207045159502, 'gae_lambda': 0.9252971140589898, 'rms_prop_eps': 1.199192987709389e-05, 'use_rms_prop': True}. Best is trial 1 with value: -538.3111303.
[I 2024-06-13 11:58:49,905] Trial 2 finished with value: -705.5716873 and parameters: {'n_steps': 1327, 'learning_rate': 0.0007042405088891136, 'gamma': 0.9992837761121496, 'ent_coef': 6.584565631957783e-06, 'vf_coef': 0.19441411306091344, 'max_grad_norm': 0.6311807182769227, 'gae_lambda': 0.8540757594102426, 'rms_prop_eps': 0.0009633861073211411, 'use_rms_prop': True}. Best is trial 1 with value: -538.3111303.
[I 2024-06-13 12:01:09,341] Trial 3 finished with value: -271.4150605000001 and parameters: {'n_steps': 1343, 'learning_rate': 0.00014834772180371078, 'gamma': 0.9221680587090143, 'ent_coef': 0.00042033203497953347, 'vf_coef': 0.7585691871624912, 'max_grad_norm': 0.6594528632636856, 'gae_lambda': 0.8963453380409989, 'rms_prop_eps': 5.708440152201349e-05, 'use_rms_prop': True}. Best is trial 3 with value: -271.4150605000001.
[I 2024-06-13 12:03:32,077] Trial 4 finished with value: -513.3398311 and parameters: {'n_steps': 1012, 'learning_rate': 1.2299416892492963e-05, 'gamma': 0.9887907743226226, 'ent_coef': 4.846374468955427e-07, 'vf_coef': 0.418193010517546, 'max_grad_norm': 0.9208942620110233, 'gae_lambda': 0.9516626890249201, 'rms_prop_eps': 2.9117241739749457e-05, 'use_rms_prop': False}. Best is trial 3 with value: -271.4150605000001.
[I 2024-06-13 12:05:52,219] Trial 5 finished with value: -589.0823766 and parameters: {'n_steps': 242, 'learning_rate': 1.7065407314770867e-05, 'gamma': 0.9468301325403585, 'ent_coef': 1.2964105999085755e-07, 'vf_coef': 0.5789671125030856, 'max_grad_norm': 0.555091470366055, 'gae_lambda': 0.8517109752675464, 'rms_prop_eps': 2.310546768747192e-05, 'use_rms_prop': True}. Best is trial 3 with value: -271.4150605000001.
[I 2024-06-13 12:08:18,704] Trial 6 finished with value: -676.2653742 and parameters: {'n_steps': 1239, 'learning_rate': 3.948051788009139e-05, 'gamma': 0.9666633671419871, 'ent_coef': 1.440151381530494e-05, 'vf_coef': 0.7270853197784194, 'max_grad_norm': 0.9940190601599451, 'gae_lambda': 0.9506030314644941, 'rms_prop_eps': 5.293598142135261e-05, 'use_rms_prop': False}. Best is trial 3 with value: -271.4150605000001.
[I 2024-06-13 12:10:42,491] Trial 7 finished with value: -650.2302494 and parameters: {'n_steps': 1951, 'learning_rate': 5.346581978908764e-05, 'gamma': 0.9527041026592336, 'ent_coef': 0.0001334892279181824, 'vf_coef': 0.42777641279348166, 'max_grad_norm': 0.968230267948548, 'gae_lambda': 0.8922862063650402, 'rms_prop_eps': 0.0009269233252888351, 'use_rms_prop': True}. Best is trial 3 with value: -271.4150605000001.
[I 2024-06-13 12:13:13,484] Trial 8 finished with value: -746.8705097 and parameters: {'n_steps': 1702, 'learning_rate': 4.973682216544807e-05, 'gamma': 0.928476728370087, 'ent_coef': 2.7195124344269923e-07, 'vf_coef': 0.4352011811979809, 'max_grad_norm': 0.850500784685781, 'gae_lambda': 0.9050093273143752, 'rms_prop_eps': 0.0001408111682658358, 'use_rms_prop': False}. Best is trial 3 with value: -271.4150605000001.
[I 2024-06-13 12:15:43,273] Trial 9 finished with value: -379.81538839999996 and parameters: {'n_steps': 2026, 'learning_rate': 3.7617128210164364e-05, 'gamma': 0.9201540772698512, 'ent_coef': 0.0026805219963391192, 'vf_coef': 0.36810989513501413, 'max_grad_norm': 0.5005584105257277, 'gae_lambda': 0.9666036147154057, 'rms_prop_eps': 6.34756749591337e-05, 'use_rms_prop': False}. Best is trial 3 with value: -271.4150605000001.
[I 2024-06-13 12:18:06,289] Trial 10 finished with value: -436.972495 and parameters: {'n_steps': 667, 'learning_rate': 0.00024698657974883394, 'gamma': 0.901358362459985, 'ent_coef': 0.0075597985436245, 'vf_coef': 0.8960031354239641, 'max_grad_norm': 0.6935500884679752, 'gae_lambda': 0.8108231875969142, 'rms_prop_eps': 0.00028788627814331844, 'use_rms_prop': True}. Best is trial 3 with value: -271.4150605000001.
[I 2024-06-13 12:20:40,513] Trial 11 finished with value: -552.4639669000001 and parameters: {'n_steps': 2046, 'learning_rate': 0.00016321129244089474, 'gamma': 0.9163036938730179, 'ent_coef': 0.006784594007670525, 'vf_coef': 0.8772596140909467, 'max_grad_norm': 0.5106911830758639, 'gae_lambda': 0.9878363588814754, 'rms_prop_eps': 6.501178081472043e-05, 'use_rms_prop': False}. Best is trial 3 with value: -271.4150605000001.
[I 2024-06-13 12:23:09,149] Trial 12 finished with value: -451.3673642 and parameters: {'n_steps': 1595, 'learning_rate': 0.00038420351088253436, 'gamma': 0.9317122155071322, 'ent_coef': 0.0010608167807105652, 'vf_coef': 0.30917972493913387, 'max_grad_norm': 0.6145088874479743, 'gae_lambda': 0.9822291754741117, 'rms_prop_eps': 8.98810854582527e-05, 'use_rms_prop': False}. Best is trial 3 with value: -271.4150605000001.
[I 2024-06-13 12:25:36,028] Trial 13 finished with value: -452.2781113 and parameters: {'n_steps': 1602, 'learning_rate': 7.78259701519191e-05, 'gamma': 0.9029352098642611, 'ent_coef': 0.001290184273706514, 'vf_coef': 0.5879821995157977, 'max_grad_norm': 0.7055878705460247, 'gae_lambda': 0.889690857188193, 'rms_prop_eps': 3.5918495143598964e-05, 'use_rms_prop': True}. Best is trial 3 with value: -271.4150605000001.
[I 2024-06-13 12:28:08,194] Trial 14 finished with value: -597.5694209000001 and parameters: {'n_steps': 1317, 'learning_rate': 2.8949625368086353e-05, 'gamma': 0.9285210556560903, 'ent_coef': 1.930178252250229e-05, 'vf_coef': 0.7125590072714537, 'max_grad_norm': 0.5041001336725108, 'gae_lambda': 0.9452910131075528, 'rms_prop_eps': 0.00015354248799966092, 'use_rms_prop': True}. Best is trial 3 with value: -271.4150605000001.
[I 2024-06-13 12:30:33,410] Trial 15 finished with value: -425.14902739999997 and parameters: {'n_steps': 1709, 'learning_rate': 0.0001518604094864872, 'gamma': 0.9173418859578211, 'ent_coef': 0.0003567139374607646, 'vf_coef': 0.1095426141280943, 'max_grad_norm': 0.7654579289926197, 'gae_lambda': 0.8060842151557632, 'rms_prop_eps': 1.2455509410443917e-05, 'use_rms_prop': False}. Best is trial 3 with value: -271.4150605000001.
[I 2024-06-13 12:33:06,609] Trial 16 finished with value: -433.89519 and parameters: {'n_steps': 1040, 'learning_rate': 0.000355098982661021, 'gamma': 0.9383801130916539, 'ent_coef': 2.3728022630943433e-08, 'vf_coef': 0.3430365449403196, 'max_grad_norm': 0.6184415379707704, 'gae_lambda': 0.9196504422833528, 'rms_prop_eps': 0.0004112041238940438, 'use_rms_prop': True}. Best is trial 3 with value: -271.4150605000001.
[I 2024-06-13 12:35:33,376] Trial 17 finished with value: -595.5004621999999 and parameters: {'n_steps': 1880, 'learning_rate': 8.011573543747848e-05, 'gamma': 0.9149542847471592, 'ent_coef': 0.004126433748017871, 'vf_coef': 0.5487626491937013, 'max_grad_norm': 0.7470292382774417, 'gae_lambda': 0.9693965835543435, 'rms_prop_eps': 5.022412064790923e-05, 'use_rms_prop': False}. Best is trial 3 with value: -271.4150605000001.
[I 2024-06-13 12:37:59,099] Trial 18 finished with value: -655.6716174000001 and parameters: {'n_steps': 658, 'learning_rate': 0.0009645625461388814, 'gamma': 0.9126193749097224, 'ent_coef': 7.611069545865993e-05, 'vf_coef': 0.7993909245643627, 'max_grad_norm': 0.5643315638004598, 'gae_lambda': 0.8781065097103857, 'rms_prop_eps': 9.855142307590765e-05, 'use_rms_prop': True}. Best is trial 3 with value: -271.4150605000001.
[I 2024-06-13 12:40:26,789] Trial 19 finished with value: -670.656822 and parameters: {'n_steps': 1454, 'learning_rate': 0.00015881473685621544, 'gamma': 0.9411009208516442, 'ent_coef': 2.809376739355845e-06, 'vf_coef': 0.6443957589009138, 'max_grad_norm': 0.6602280598474886, 'gae_lambda': 0.9281965317710712, 'rms_prop_eps': 2.104918350949519e-05, 'use_rms_prop': False}. Best is trial 3 with value: -271.4150605000001.
[I 2024-06-13 12:42:59,755] Trial 20 finished with value: -553.0157339 and parameters: {'n_steps': 1087, 'learning_rate': 6.189427104659401e-05, 'gamma': 0.9680402941710068, 'ent_coef': 0.0018715803664075756, 'vf_coef': 0.49047256146133883, 'max_grad_norm': 0.5562811494496641, 'gae_lambda': 0.8316434616691272, 'rms_prop_eps': 3.639432522861415e-05, 'use_rms_prop': True}. Best is trial 3 with value: -271.4150605000001.
[I 2024-06-13 12:45:28,878] Trial 21 finished with value: -473.2595434 and parameters: {'n_steps': 1781, 'learning_rate': 0.00013408331564244608, 'gamma': 0.9208787330161937, 'ent_coef': 0.0002571535866462189, 'vf_coef': 0.1009602343197915, 'max_grad_norm': 0.7684474193854507, 'gae_lambda': 0.804846311889066, 'rms_prop_eps': 1.3015644065890686e-05, 'use_rms_prop': False}. Best is trial 3 with value: -271.4150605000001.
[I 2024-06-13 12:48:00,441] Trial 22 finished with value: -487.1756045 and parameters: {'n_steps': 1526, 'learning_rate': 0.0002374716662745174, 'gamma': 0.9092986840918961, 'ent_coef': 0.0006016373839440988, 'vf_coef': 0.12286968661537229, 'max_grad_norm': 0.787000872995741, 'gae_lambda': 0.8739342819125777, 'rms_prop_eps': 1.7010517649292027e-05, 'use_rms_prop': False}. Best is trial 3 with value: -271.4150605000001.
[I 2024-06-13 12:50:32,727] Trial 23 finished with value: -449.15472150000005 and parameters: {'n_steps': 1795, 'learning_rate': 0.00024760174837197573, 'gamma': 0.9232387622873012, 'ent_coef': 4.304191158611208e-05, 'vf_coef': 0.20528107728828332, 'max_grad_norm': 0.7342834255426663, 'gae_lambda': 0.8357254565381199, 'rms_prop_eps': 7.773050086035523e-05, 'use_rms_prop': False}. Best is trial 3 with value: -271.4150605000001.
[I 2024-06-13 12:53:09,771] Trial 24 finished with value: -490.5973602 and parameters: {'n_steps': 2045, 'learning_rate': 3.1826695555802404e-05, 'gamma': 0.9375575931967917, 'ent_coef': 0.0023670204149001364, 'vf_coef': 0.34122919383246536, 'max_grad_norm': 0.807445810557009, 'gae_lambda': 0.9065774632552819, 'rms_prop_eps': 1.055531911646197e-05, 'use_rms_prop': False}. Best is trial 3 with value: -271.4150605000001.
[I 2024-06-13 12:55:35,779] Trial 25 finished with value: -636.8487882 and parameters: {'n_steps': 1728, 'learning_rate': 9.541148752126573e-05, 'gamma': 0.907576644367885, 'ent_coef': 0.0002967435852564731, 'vf_coef': 0.7867349730195365, 'max_grad_norm': 0.6777521097154648, 'gae_lambda': 0.8250401444989799, 'rms_prop_eps': 0.0001390250250820915, 'use_rms_prop': False}. Best is trial 3 with value: -271.4150605000001.
[I 2024-06-13 12:58:09,099] Trial 26 finished with value: -606.933978 and parameters: {'n_steps': 1428, 'learning_rate': 1.0252940527187734e-05, 'gamma': 0.9224050894932223, 'ent_coef': 3.717167129019114e-06, 'vf_coef': 0.2694886120103995, 'max_grad_norm': 0.5877606282153491, 'gae_lambda': 0.9685521667465736, 'rms_prop_eps': 4.4913407745701205e-05, 'use_rms_prop': False}. Best is trial 3 with value: -271.4150605000001.
[I 2024-06-13 13:00:31,413] Trial 27 finished with value: -364.3089246 and parameters: {'n_steps': 1886, 'learning_rate': 0.0003654330059627393, 'gamma': 0.9334609880154872, 'ent_coef': 5.059334791405856e-05, 'vf_coef': 0.4954234768502518, 'max_grad_norm': 0.718831540782865, 'gae_lambda': 0.8669291200013841, 'rms_prop_eps': 0.0004902813512879923, 'use_rms_prop': False}. Best is trial 3 with value: -271.4150605000001.
[I 2024-06-13 13:02:55,837] Trial 28 finished with value: -705.9956136999999 and parameters: {'n_steps': 1910, 'learning_rate': 0.00048592161074595956, 'gamma': 0.9329604044412467, 'ent_coef': 4.20953642047217e-05, 'vf_coef': 0.5158295650301825, 'max_grad_norm': 0.6529270410800434, 'gae_lambda': 0.8746176499418951, 'rms_prop_eps': 0.0005273961261054083, 'use_rms_prop': True}. Best is trial 3 with value: -271.4150605000001.
[I 2024-06-13 13:05:20,689] Trial 29 finished with value: -668.453753 and parameters: {'n_steps': 806, 'learning_rate': 1.8636927313850486e-05, 'gamma': 0.9463800750235964, 'ent_coef': 0.00014161215795356727, 'vf_coef': 0.655446468949783, 'max_grad_norm': 0.7186632623704751, 'gae_lambda': 0.8596831445523404, 'rms_prop_eps': 0.0002024761618857462, 'use_rms_prop': False}. Best is trial 3 with value: -271.4150605000001.
[I 2024-06-13 13:07:42,017] Trial 30 finished with value: -551.0414205 and parameters: {'n_steps': 1183, 'learning_rate': 0.00046369598021931693, 'gamma': 0.9255007153699789, 'ent_coef': 5.4994367136512823e-05, 'vf_coef': 0.47612630641960924, 'max_grad_norm': 0.8154984160732359, 'gae_lambda': 0.9070533894662615, 'rms_prop_eps': 0.0002621135240321606, 'use_rms_prop': False}. Best is trial 3 with value: -271.4150605000001.
[I 2024-06-13 13:10:11,811] Trial 31 finished with value: -680.7462772 and parameters: {'n_steps': 1659, 'learning_rate': 0.00020651578336299087, 'gamma': 0.9188523173512286, 'ent_coef': 0.0007712851390726386, 'vf_coef': 0.3797680398103038, 'max_grad_norm': 0.884077014130067, 'gae_lambda': 0.8381059042489206, 'rms_prop_eps': 0.0005077767180872994, 'use_rms_prop': False}. Best is trial 3 with value: -271.4150605000001.
[I 2024-06-13 13:12:42,873] Trial 32 finished with value: -531.3458619 and parameters: {'n_steps': 1836, 'learning_rate': 0.00011604352401389268, 'gamma': 0.9332201276534777, 'ent_coef': 0.00022696246390604077, 'vf_coef': 0.16886432215611413, 'max_grad_norm': 0.7783152094455348, 'gae_lambda': 0.9387625893036263, 'rms_prop_eps': 6.937075567883855e-05, 'use_rms_prop': False}. Best is trial 3 with value: -271.4150605000001.
[I 2024-06-13 13:15:09,316] Trial 33 finished with value: -611.193857 and parameters: {'n_steps': 1964, 'learning_rate': 0.000312402321401539, 'gamma': 0.9073893542666013, 'ent_coef': 0.0025978323302342267, 'vf_coef': 0.629498310382804, 'max_grad_norm': 0.7472345623126722, 'gae_lambda': 0.8183994019984266, 'rms_prop_eps': 0.00018718675047976025, 'use_rms_prop': False}. Best is trial 3 with value: -271.4150605000001.
[I 2024-06-13 13:17:31,442] Trial 34 finished with value: -502.3982515000001 and parameters: {'n_steps': 1460, 'learning_rate': 0.0006143271828639951, 'gamma': 0.9597632154507487, 'ent_coef': 0.00040106993969861535, 'vf_coef': 0.25797629074519046, 'max_grad_norm': 0.8240368324076834, 'gae_lambda': 0.8451364158180329, 'rms_prop_eps': 0.0001115170038689494, 'use_rms_prop': False}. Best is trial 3 with value: -271.4150605000001.
[I 2024-06-13 13:19:52,057] Trial 35 finished with value: -715.2164212 and parameters: {'n_steps': 898, 'learning_rate': 0.00017513143717127344, 'gamma': 0.9448613679005383, 'ent_coef': 0.0007085441816678713, 'vf_coef': 0.39337452379256505, 'max_grad_norm': 0.650443707745601, 'gae_lambda': 0.8589791257627236, 'rms_prop_eps': 2.8984532506759136e-05, 'use_rms_prop': True}. Best is trial 3 with value: -271.4150605000001.
[I 2024-06-13 13:22:12,801] Trial 36 finished with value: -530.4111247 and parameters: {'n_steps': 38, 'learning_rate': 0.00011588960256829036, 'gamma': 0.9121432670428429, 'ent_coef': 2.48455622857787e-05, 'vf_coef': 0.5759829545862651, 'max_grad_norm': 0.8879596764738968, 'gae_lambda': 0.9276218981628123, 'rms_prop_eps': 1.6627644216844863e-05, 'use_rms_prop': False}. Best is trial 3 with value: -271.4150605000001.
[I 2024-06-13 13:24:34,108] Trial 37 finished with value: -548.0678327999999 and parameters: {'n_steps': 1578, 'learning_rate': 7.312616235735348e-05, 'gamma': 0.9272487868356748, 'ent_coef': 7.707557438966307e-06, 'vf_coef': 0.17284617099025776, 'max_grad_norm': 0.5879764602021618, 'gae_lambda': 0.9639941531973694, 'rms_prop_eps': 0.0008383021199387371, 'use_rms_prop': True}. Best is trial 3 with value: -271.4150605000001.
[I 2024-06-13 13:26:55,009] Trial 38 finished with value: -554.3920204 and parameters: {'n_steps': 1345, 'learning_rate': 4.391912756193065e-05, 'gamma': 0.9980475029168585, 'ent_coef': 0.0001539664563449209, 'vf_coef': 0.22289460427003321, 'max_grad_norm': 0.6875078804246918, 'gae_lambda': 0.8659337986183241, 'rms_prop_eps': 2.59553948283379e-05, 'use_rms_prop': False}. Best is trial 3 with value: -271.4150605000001.
[I 2024-06-13 13:29:27,492] Trial 39 finished with value: -685.5541051 and parameters: {'n_steps': 1699, 'learning_rate': 0.00028296914052227876, 'gamma': 0.9183142772883653, 'ent_coef': 0.003964620986613747, 'vf_coef': 0.7609532384062558, 'max_grad_norm': 0.5273402537370038, 'gae_lambda': 0.8834057933640707, 'rms_prop_eps': 5.783313156921554e-05, 'use_rms_prop': False}. Best is trial 3 with value: -271.4150605000001.
[I 2024-06-13 13:31:55,598] Trial 40 finished with value: -558.6734089 and parameters: {'n_steps': 1981, 'learning_rate': 1.5425485432816217e-05, 'gamma': 0.9567282314526392, 'ent_coef': 9.282311210287022e-05, 'vf_coef': 0.4458060584642808, 'max_grad_norm': 0.9192717764908196, 'gae_lambda': 0.8013194988961142, 'rms_prop_eps': 4.30661698979354e-05, 'use_rms_prop': True}. Best is trial 3 with value: -271.4150605000001.
[I 2024-06-13 13:34:21,964] Trial 41 finished with value: -509.30755950000014 and parameters: {'n_steps': 1151, 'learning_rate': 0.0003554345409679734, 'gamma': 0.9345151636078561, 'ent_coef': 8.132847368134136e-07, 'vf_coef': 0.3369502105374981, 'max_grad_norm': 0.6045028300561428, 'gae_lambda': 0.8986123619868999, 'rms_prop_eps': 0.00038708877844548397, 'use_rms_prop': True}. Best is trial 3 with value: -271.4150605000001.
[I 2024-06-13 13:36:46,309] Trial 42 finished with value: -462.8154054 and parameters: {'n_steps': 964, 'learning_rate': 0.0007041528262601434, 'gamma': 0.9397154010653991, 'ent_coef': 7.16576443048102e-08, 'vf_coef': 0.3162284477949304, 'max_grad_norm': 0.6311511630239777, 'gae_lambda': 0.9175386364456007, 'rms_prop_eps': 0.0006092672169574142, 'use_rms_prop': True}. Best is trial 3 with value: -271.4150605000001.
[I 2024-06-13 13:39:09,397] Trial 43 finished with value: -374.853303 and parameters: {'n_steps': 633, 'learning_rate': 0.00045304593748608405, 'gamma': 0.9285801855566008, 'ent_coef': 1.3241128865356024e-08, 'vf_coef': 0.3873637701775797, 'max_grad_norm': 0.7234232025300351, 'gae_lambda': 0.932877132146991, 'rms_prop_eps': 0.00033565658082900657, 'use_rms_prop': True}. Best is trial 3 with value: -271.4150605000001.
[I 2024-06-13 13:41:31,113] Trial 44 finished with value: -673.7366067999999 and parameters: {'n_steps': 280, 'learning_rate': 0.0005019096539659116, 'gamma': 0.9287784838516239, 'ent_coef': 1.2398652093042326e-08, 'vf_coef': 0.5390818041026451, 'max_grad_norm': 0.7032059397541912, 'gae_lambda': 0.9405641315225549, 'rms_prop_eps': 0.0003076305160624298, 'use_rms_prop': True}. Best is trial 3 with value: -271.4150605000001.
[I 2024-06-13 13:44:05,273] Trial 45 finished with value: -522.2719065 and parameters: {'n_steps': 1855, 'learning_rate': 0.0001795167213679816, 'gamma': 0.9223028834111473, 'ent_coef': 0.00830050117669573, 'vf_coef': 0.39249165614645254, 'max_grad_norm': 0.7269299430532791, 'gae_lambda': 0.9625129051254361, 'rms_prop_eps': 0.00011423619905870815, 'use_rms_prop': True}. Best is trial 3 with value: -271.4150605000001.
[I 2024-06-13 13:46:26,550] Trial 46 finished with value: 112.89418030000002 and parameters: {'n_steps': 671, 'learning_rate': 0.0008659486581261393, 'gamma': 0.9027772130065955, 'ent_coef': 0.0011658111932710217, 'vf_coef': 0.46363008018566026, 'max_grad_norm': 0.7920397234947543, 'gae_lambda': 0.9555853839495085, 'rms_prop_eps': 0.000828612382257617, 'use_rms_prop': True}. Best is trial 46 with value: 112.89418030000002.
[I 2024-06-13 13:48:48,853] Trial 47 finished with value: 11228.597289299998 and parameters: {'n_steps': 477, 'learning_rate': 0.0009568183905890625, 'gamma': 0.9111824669081073, 'ent_coef': 2.2392457198589444e-06, 'vf_coef': 0.4551040082523247, 'max_grad_norm': 0.8392037470156525, 'gae_lambda': 0.9536947863792374, 'rms_prop_eps': 0.0007912662094580487, 'use_rms_prop': True}. Best is trial 47 with value: 11228.597289299998.
[I 2024-06-13 13:51:10,231] Trial 48 finished with value: 983.2731007 and parameters: {'n_steps': 476, 'learning_rate': 0.000947038438072854, 'gamma': 0.9009933830491472, 'ent_coef': 1.1607229253995338e-06, 'vf_coef': 0.45805647701915314, 'max_grad_norm': 0.8514744437646475, 'gae_lambda': 0.9561403521996368, 'rms_prop_eps': 0.0007625807028013724, 'use_rms_prop': True}. Best is trial 47 with value: 11228.597289299998.
[I 2024-06-13 13:53:30,489] Trial 49 finished with value: 2108.6740748 and parameters: {'n_steps': 541, 'learning_rate': 0.0008576330595710784, 'gamma': 0.9032392393432392, 'ent_coef': 1.1229501905516012e-06, 'vf_coef': 0.45360008306132904, 'max_grad_norm': 0.8392841638695778, 'gae_lambda': 0.95442907723062, 'rms_prop_eps': 0.00077575922922254, 'use_rms_prop': True}. Best is trial 47 with value: 11228.597289299998.
